e:\c++ siemens\abstractfactoryburgers\abstractfactoryburgers\debug\vc142.pdb
e:\c++ siemens\abstractfactoryburgers\abstractfactoryburgers\debug\vc142.idb
e:\c++ siemens\abstractfactoryburgers\abstractfactoryburgers\debug\whiteonions.obj
e:\c++ siemens\abstractfactoryburgers\abstractfactoryburgers\debug\sweetpickles.obj
e:\c++ siemens\abstractfactoryburgers\abstractfactoryburgers\debug\sourdillpickles.obj
e:\c++ siemens\abstractfactoryburgers\abstractfactoryburgers\debug\mcdonaldsmustard.obj
e:\c++ siemens\abstractfactoryburgers\abstractfactoryburgers\debug\mcdonaldsfactory.obj
e:\c++ siemens\abstractfactoryburgers\abstractfactoryburgers\debug\mcdonaldsburger.obj
e:\c++ siemens\abstractfactoryburgers\abstractfactoryburgers\debug\main.obj
e:\c++ siemens\abstractfactoryburgers\abstractfactoryburgers\debug\heinzmustard.obj
e:\c++ siemens\abstractfactoryburgers\abstractfactoryburgers\debug\grilledpattie.obj
e:\c++ siemens\abstractfactoryburgers\abstractfactoryburgers\debug\flamebroiledpattie.obj
e:\c++ siemens\abstractfactoryburgers\abstractfactoryburgers\debug\burgerkingfactory.obj
e:\c++ siemens\abstractfactoryburgers\abstractfactoryburgers\debug\burgerkingburger.obj
e:\c++ siemens\abstractfactoryburgers\abstractfactoryburgers\debug\sesameseedbun.obj
e:\c++ siemens\abstractfactoryburgers\abstractfactoryburgers\debug\normalbun.obj
e:\c++ siemens\abstractfactoryburgers\abstractfactoryburgers\debug\mcdonaldsketchup.obj
e:\c++ siemens\abstractfactoryburgers\abstractfactoryburgers\debug\heinzketchup.obj
e:\c++ siemens\abstractfactoryburgers\abstractfactoryburgers\debug\client.obj
e:\c++ siemens\abstractfactoryburgers\debug\abstractfactoryburgers.exe
e:\c++ siemens\abstractfactoryburgers\debug\abstractfactoryburgers.ilk
e:\c++ siemens\abstractfactoryburgers\debug\abstractfactoryburgers.pdb
e:\c++ siemens\abstractfactoryburgers\abstractfactoryburgers\debug\abstract.ef1b89b3.tlog\cl.command.1.tlog
e:\c++ siemens\abstractfactoryburgers\abstractfactoryburgers\debug\abstract.ef1b89b3.tlog\cl.read.1.tlog
e:\c++ siemens\abstractfactoryburgers\abstractfactoryburgers\debug\abstract.ef1b89b3.tlog\cl.write.1.tlog
e:\c++ siemens\abstractfactoryburgers\abstractfactoryburgers\debug\abstract.ef1b89b3.tlog\link.command.1.tlog
e:\c++ siemens\abstractfactoryburgers\abstractfactoryburgers\debug\abstract.ef1b89b3.tlog\link.read.1.tlog
e:\c++ siemens\abstractfactoryburgers\abstractfactoryburgers\debug\abstract.ef1b89b3.tlog\link.write.1.tlog
